<?xml version="1.0" encoding="UTF-8"?>
<!-- Generated by org.testng.reporters.JUnitReportReporter -->
<testsuite skipped="0" hostname="ARPGL001495" name="cucumberOptions.TestRunner" tests="1" failures="0" timestamp="2021-07-11T20:04:49 IST" time="31.353" errors="0">
  <testcase name="feature" time="31.353" classname="cucumberOptions.TestRunner"/>
  <system-out/>
</testsuite> <!-- cucumberOptions.TestRunner -->
